Initial data already loaded, begin updating
records on site = 3754, max_id in db = 3746L
will update 8L news
<New 关于本学期注册的通知 - 2014-02-24> added to db, id = 3754
<New 12级、13级本科生领取实验报告册通知 - 2014-02-24> added to db, id = 3753
<New 关于领取2014届毕业生图像采集照片的通知 - 2014-02-23> added to db, id = 3752
<New 教学楼粉刷房间领取钥匙通知 - 2014-02-23> added to db, id = 3751
<New 宿舍用电改造通知 - 2014-02-23> added to db, id = 3750
<New 关于2014年聘任的招生宣传员提交假期任务反馈表的通知 - 2014-02-23> added to db, id = 3749
<New 13脱产级研究生、博士生课表（更新） - 2014-02-23> added to db, id = 3748
<New 关于举办第三届“中国软件杯”大学生软件设计大赛的通知 - 2014-01-20> added to db, id = 3747
POST ON RENREN: 关于举办第三届“中国软件杯”大学生软件设计大赛的通知 - zhu ming http://ssdut.dlut.edu.cn/index.php/News/11590.html
records on site = 3754, max_id in db = 3754L
POST ON RENREN: 13脱产级研究生、博士生课表（更新） - 李鹏 http://ssdut.dlut.edu.cn/index.php/News/11591.html
records on site = 3754, max_id in db = 3754L
POST ON RENREN: 关于2014年聘任的招生宣传员提交假期任务反馈表的通知 - 万杨 http://ssdut.dlut.edu.cn/index.php/News/11593.html
records on site = 3754, max_id in db = 3754L
Initial data already loaded, begin updating
records on site = 3754, max_id in db = 3754L
records on site = 3754, max_id in db = 3754L
